<?xml version="1.0" encoding="UTF-8"?>
<testng-results ignored="0" total="2" passed="2" failed="0" skipped="0">
  <reporter-output>
  </reporter-output>
  <suite started-at="2023-08-24T12:24:17 GMT" name="Default suite" finished-at="2023-08-24T12:24:23 GMT" duration-ms="5426">
    <groups>
    </groups>
    <test started-at="2023-08-24T12:24:17 GMT" name="Default test" finished-at="2023-08-24T12:24:23 GMT" duration-ms="5426">
      <class name="requesttypes.GetTest">
        <test-method signature="getTest()[pri:0, instance:requesttypes.GetTest@4de4b452]" started-at="2023-08-24T12:24:17 GMT" name="getTest" finished-at="2023-08-24T12:24:21 GMT" duration-ms="3367" status="PASS">
          <reporter-output>
          </reporter-output>
        </test-method> <!-- getTest -->
        <test-method signature="getTestBDD()[pri:0, instance:requesttypes.GetTest@4de4b452]" started-at="2023-08-24T12:24:21 GMT" name="getTestBDD" finished-at="2023-08-24T12:24:23 GMT" duration-ms="1940" status="PASS">
          <reporter-output>
          </reporter-output>
        </test-method> <!-- getTestBDD -->
      </class> <!-- requesttypes.GetTest -->
    </test> <!-- Default test -->
  </suite> <!-- Default suite -->
</testng-results>
